<?xml version="1.0" encoding="UTF-8"?>
<!-- Generated by org.testng.reporters.JUnitReportReporter -->
<testsuite hostname="Artur-PC" name="epol.present.selenium.login_test" tests="1" failures="0" timestamp="22 Aug 2015 21:38:26 GMT" time="7.637" errors="0">
  <testcase name="testUntitled" time="7.637" classname="epol.present.selenium.login_test"/>
</testsuite> <!-- epol.present.selenium.login_test -->
