<?xml version="1.0" encoding="UTF-8"?>
<!-- Generated by org.testng.reporters.JUnitReportReporter -->
<testsuite hostname="Artur-PC" name="epol.present.selenium.LoginTest" tests="1" failures="0" timestamp="22 Aug 2015 21:43:06 GMT" time="5.621" errors="0">
  <testcase name="testUntitled" time="5.621" classname="epol.present.selenium.LoginTest"/>
</testsuite> <!-- epol.present.selenium.LoginTest -->
