<?xml version="1.0" encoding="UTF-8"?>
<!-- Generated by org.testng.reporters.JUnitReportReporter -->
<testsuite hostname="Artur-PC" name="epol.present.selenium.HomePageTest" tests="2" failures="0" timestamp="22 Aug 2015 21:40:08 GMT" time="0.615" errors="0">
  <testcase name="test2" time="0.003" classname="epol.present.selenium.HomePageTest"/>
  <testcase name="testH1Existing" time="0.612" classname="epol.present.selenium.HomePageTest"/>
</testsuite> <!-- epol.present.selenium.HomePageTest -->
